[2026-06-06 21:38:32,539][httpx][INFO] - HTTP Request: HEAD https://huggingface.co/microsoft/deberta-v3-base/resolve/main/config.json "HTTP/1.1 307 Temporary Redirect"
[2026-06-06 21:38:32,541][huggingface_hub.utils._http][WARNING] - Warning: You are sending unauthenticated requests to the HF Hub. Please set a HF_TOKEN to enable higher rate limits and faster downloads.
[2026-06-06 21:38:32,595][httpx][INFO] - HTTP Request: HEAD https://huggingface.co/api/resolve-cache/models/microsoft/deberta-v3-base/8ccc9b6f36199bec6961081d44eb72fb3f7353f3/config.json "HTTP/1.1 200 OK"
[2026-06-06 21:38:32,855][httpx][INFO] - HTTP Request: HEAD https://huggingface.co/microsoft/deberta-v3-base/resolve/main/tokenizer_config.json "HTTP/1.1 307 Temporary Redirect"
[2026-06-06 21:38:32,909][httpx][INFO] - HTTP Request: HEAD https://huggingface.co/api/resolve-cache/models/microsoft/deberta-v3-base/8ccc9b6f36199bec6961081d44eb72fb3f7353f3/tokenizer_config.json "HTTP/1.1 200 OK"
[2026-06-06 21:38:33,169][httpx][INFO] - HTTP Request: GET https://huggingface.co/api/models/microsoft/deberta-v3-base/tree/main/additional_chat_templates?recursive=false&expand=false "HTTP/1.1 404 Not Found"
[2026-06-06 21:38:33,427][httpx][INFO] - HTTP Request: GET https://huggingface.co/api/models/microsoft/deberta-v3-base/tree/main?recursive=true&expand=false "HTTP/1.1 200 OK"
[2026-06-06 21:38:33,950][httpx][INFO] - HTTP Request: GET https://huggingface.co/api/models/microsoft/deberta-v3-base "HTTP/1.1 200 OK"
[2026-06-06 21:38:34,199][httpx][INFO] - HTTP Request: HEAD https://huggingface.co/microsoft/deberta-v3-base/resolve/main/config.json "HTTP/1.1 307 Temporary Redirect"
[2026-06-06 21:38:34,269][httpx][INFO] - HTTP Request: HEAD https://huggingface.co/api/resolve-cache/models/microsoft/deberta-v3-base/8ccc9b6f36199bec6961081d44eb72fb3f7353f3/config.json "HTTP/1.1 200 OK"
[2026-06-06 21:38:34,514][httpx][INFO] - HTTP Request: HEAD https://huggingface.co/microsoft/deberta-v3-base/resolve/main/adapter_config.json "HTTP/1.1 404 Not Found"
[2026-06-06 21:38:34,883][httpx][INFO] - HTTP Request: HEAD https://huggingface.co/microsoft/deberta-v3-base/resolve/main/config.json "HTTP/1.1 307 Temporary Redirect"
[2026-06-06 21:38:34,935][httpx][INFO] - HTTP Request: HEAD https://huggingface.co/api/resolve-cache/models/microsoft/deberta-v3-base/8ccc9b6f36199bec6961081d44eb72fb3f7353f3/config.json "HTTP/1.1 200 OK"
[2026-06-06 21:38:35,200][httpx][INFO] - HTTP Request: HEAD https://huggingface.co/microsoft/deberta-v3-base/resolve/main/model.safetensors "HTTP/1.1 404 Not Found"
[2026-06-06 21:38:35,454][httpx][INFO] - HTTP Request: GET https://huggingface.co/api/models/microsoft/deberta-v3-base "HTTP/1.1 200 OK"
[2026-06-06 21:38:35,716][httpx][INFO] - HTTP Request: GET https://huggingface.co/api/models/microsoft/deberta-v3-base/commits/main "HTTP/1.1 200 OK"
[2026-06-06 21:38:35,989][httpx][INFO] - HTTP Request: GET https://huggingface.co/api/models/microsoft/deberta-v3-base/discussions?p=0 "HTTP/1.1 200 OK"
[2026-06-06 21:38:36,179][httpx][INFO] - HTTP Request: HEAD https://huggingface.co/datasets/nyu-mll/glue/resolve/main/README.md "HTTP/1.1 307 Temporary Redirect"
[2026-06-06 21:38:36,223][httpx][INFO] - HTTP Request: HEAD https://huggingface.co/api/resolve-cache/datasets/nyu-mll/glue/bcdcba79d07bc864c1c254ccfcedcce55bcc9a8c/README.md "HTTP/1.1 200 OK"
[2026-06-06 21:38:36,252][httpx][INFO] - HTTP Request: GET https://huggingface.co/api/models/microsoft/deberta-v3-base/commits/refs%2Fpr%2F14 "HTTP/1.1 200 OK"
[2026-06-06 21:38:36,272][httpx][INFO] - HTTP Request: GET https://huggingface.co/api/resolve-cache/datasets/nyu-mll/glue/bcdcba79d07bc864c1c254ccfcedcce55bcc9a8c/README.md "HTTP/1.1 200 OK"
[2026-06-06 21:38:36,499][httpx][INFO] - HTTP Request: HEAD https://huggingface.co/microsoft/deberta-v3-base/resolve/refs%2Fpr%2F14/model.safetensors.index.json "HTTP/1.1 404 Not Found"
[2026-06-06 21:38:36,529][httpx][INFO] - HTTP Request: HEAD https://huggingface.co/datasets/nyu-mll/glue/resolve/bcdcba79d07bc864c1c254ccfcedcce55bcc9a8c/glue.py "HTTP/1.1 404 Not Found"
[2026-06-06 21:38:36,749][httpx][INFO] - HTTP Request: HEAD https://huggingface.co/microsoft/deberta-v3-base/resolve/refs%2Fpr%2F14/model.safetensors "HTTP/1.1 302 Found"
[2026-06-06 21:38:37,282][httpx][INFO] - HTTP Request: HEAD https://s3.amazonaws.com/datasets.huggingface.co/datasets/datasets/nyu-mll/glue/nyu-mll/glue.py "HTTP/1.1 404 Not Found"
[2026-06-06 21:38:37,555][httpx][INFO] - HTTP Request: GET https://huggingface.co/api/datasets/nyu-mll/glue/revision/bcdcba79d07bc864c1c254ccfcedcce55bcc9a8c "HTTP/1.1 200 OK"
[2026-06-06 21:38:37,806][httpx][INFO] - HTTP Request: HEAD https://huggingface.co/datasets/nyu-mll/glue/resolve/bcdcba79d07bc864c1c254ccfcedcce55bcc9a8c/.huggingface.yaml "HTTP/1.1 404 Not Found"
[2026-06-06 21:38:38,161][httpx][INFO] - HTTP Request: GET https://datasets-server.huggingface.co/info?dataset=nyu-mll/glue "HTTP/1.1 200 OK"
[2026-06-06 21:38:38,418][httpx][INFO] - HTTP Request: GET https://huggingface.co/api/datasets/nyu-mll/glue/tree/bcdcba79d07bc864c1c254ccfcedcce55bcc9a8c/ax?recursive=true&expand=false "HTTP/1.1 200 OK"
[2026-06-06 21:38:38,666][httpx][INFO] - HTTP Request: GET https://huggingface.co/api/datasets/nyu-mll/glue/tree/bcdcba79d07bc864c1c254ccfcedcce55bcc9a8c?recursive=false&expand=false "HTTP/1.1 200 OK"
[2026-06-06 21:38:38,920][httpx][INFO] - HTTP Request: HEAD https://huggingface.co/datasets/nyu-mll/glue/resolve/bcdcba79d07bc864c1c254ccfcedcce55bcc9a8c/dataset_infos.json "HTTP/1.1 404 Not Found"
[2026-06-06 21:38:39,198][httpx][INFO] - HTTP Request: GET https://huggingface.co/api/datasets/nyu-mll/glue/tree/bcdcba79d07bc864c1c254ccfcedcce55bcc9a8c/cola?recursive=true&expand=false "HTTP/1.1 200 OK"
[2026-06-06 21:38:39,470][httpx][INFO] - HTTP Request: HEAD https://huggingface.co/datasets/nyu-mll/glue/resolve/bcdcba79d07bc864c1c254ccfcedcce55bcc9a8c/cola/train-00000-of-00001.parquet "HTTP/1.1 302 Found"
[2026-06-06 21:38:39,727][httpx][INFO] - HTTP Request: GET https://huggingface.co/api/datasets/nyu-mll/glue/xet-read-token/bcdcba79d07bc864c1c254ccfcedcce55bcc9a8c "HTTP/1.1 200 OK"
[2026-06-06 21:38:42,520][httpx][INFO] - HTTP Request: HEAD https://huggingface.co/datasets/nyu-mll/glue/resolve/bcdcba79d07bc864c1c254ccfcedcce55bcc9a8c/cola/validation-00000-of-00001.parquet "HTTP/1.1 302 Found"
[2026-06-06 21:38:44,467][httpx][INFO] - HTTP Request: HEAD https://huggingface.co/datasets/nyu-mll/glue/resolve/bcdcba79d07bc864c1c254ccfcedcce55bcc9a8c/cola/test-00000-of-00001.parquet "HTTP/1.1 302 Found"
[2026-06-06 21:38:45,936][httpx][INFO] - HTTP Request: HEAD https://huggingface.co/datasets/nyu-mll/glue/resolve/main/README.md "HTTP/1.1 307 Temporary Redirect"
[2026-06-06 21:38:45,989][httpx][INFO] - HTTP Request: HEAD https://huggingface.co/api/resolve-cache/datasets/nyu-mll/glue/bcdcba79d07bc864c1c254ccfcedcce55bcc9a8c/README.md "HTTP/1.1 200 OK"
[2026-06-06 21:38:46,242][httpx][INFO] - HTTP Request: HEAD https://huggingface.co/datasets/nyu-mll/glue/resolve/bcdcba79d07bc864c1c254ccfcedcce55bcc9a8c/glue.py "HTTP/1.1 404 Not Found"
[2026-06-06 21:38:47,008][httpx][INFO] - HTTP Request: HEAD https://s3.amazonaws.com/datasets.huggingface.co/datasets/datasets/nyu-mll/glue/nyu-mll/glue.py "HTTP/1.1 404 Not Found"
[2026-06-06 21:38:47,276][httpx][INFO] - HTTP Request: HEAD https://huggingface.co/datasets/nyu-mll/glue/resolve/bcdcba79d07bc864c1c254ccfcedcce55bcc9a8c/.huggingface.yaml "HTTP/1.1 404 Not Found"
[2026-06-06 21:38:47,643][httpx][INFO] - HTTP Request: GET https://datasets-server.huggingface.co/info?dataset=nyu-mll/glue "HTTP/1.1 200 OK"
[2026-06-06 21:38:47,901][httpx][INFO] - HTTP Request: HEAD https://huggingface.co/datasets/nyu-mll/glue/resolve/bcdcba79d07bc864c1c254ccfcedcce55bcc9a8c/dataset_infos.json "HTTP/1.1 404 Not Found"
